#
# There is insufficient memory for the Java Runtime Environment to continue.
# Native memory allocation (mmap) failed to map 268435456 bytes for Failed to commit area from 0x0000000700e00000 to 0x0000000710e00000 of length 268435456.
# Possible reasons:
#   The system is out of physical RAM or swap space
#   The process is running with CompressedOops enabled, and the Java Heap may be blocking the growth of the native heap
# Possible solutions:
#   Reduce memory load on the system
#   Increase physical memory or swap space
#   Check if swap backing store is full
#   Decrease Java heap size (-Xmx/-Xms)
#   Decrease number of Java threads
#   Decrease Java thread stack sizes (-Xss)
#   Set larger code cache with -XX:ReservedCodeCacheSize=
# This output file may be truncated or incomplete.
#
#  Out of Memory Error (./src/hotspot/os/windows/os_windows.cpp:3303), pid=28604, tid=19604
#
# JRE version:  (11.0.9.1+11) (build )
# Java VM: OpenJDK 64-Bit Server VM (11.0.9.1+11-b1145.37, mixed mode, sharing, tiered, compressed oops, g1 gc, windows-amd64)
# No core dump will be written. Minidumps are not enabled by default on client versions of Windows
#

---------------  S U M M A R Y ------------

Command Line: org.jetbrains.git4idea.http.GitAskPassApp Username for 'https://github.com': 

Host: Intel(R) Core(TM) i7-7700 CPU @ 3.60GHz, 8 cores, 15G,  Windows 10 , 64 bit Build 18362 (10.0.18362.1110)
Time: Tue Dec 22 16:59:37 2020 ????¡À¨º¡Á?¨º¡À?? elapsed time: 0.070188 seconds (0d 0h 0m 0s)

---------------  T H R E A D  ---------------

Current thread (0x00000199979e3800):  JavaThread "Unknown thread" [_thread_in_vm, id=19604, stack(0x00000046f1b00000,0x00000046f1c00000)]

Stack: [0x00000046f1b00000,0x00000046f1c00000]
Native frames: (J=compiled Java code, j=interpreted, Vv=VM code, C=native code)
V  [jvm.dll+0x5edd9a]
V  [jvm.dll+0x7229c5]
V  [jvm.dll+0x723f1d]
V  [jvm.dll+0x7245d3]
V  [jvm.dll+0x2431b8]
V  [jvm.dll+0x5eb234]
V  [jvm.dll+0x5e0325]
V  [jvm.dll+0x2fe60b]
V  [jvm.dll+0x2fe57a]
V  [jvm.dll+0x2fe452]
V  [jvm.dll+0x303346]
V  [jvm.dll+0x34ba83]
V  [jvm.dll+0x34c186]
V  [jvm.dll+0x34bb83]
V  [jvm.dll+0x2d9218]
V  [jvm.dll+0x2da3c7]
V  [jvm.dll+0x701a67]
V  [jvm.dll+0x70325c]
V  [jvm.dll+0x359049]
V  [jvm.dll+0x6e552e]
V  [jvm.dll+0x3c1353]
V  [jvm.dll+0x3c3571]
C  [jli.dll+0x5373]
C  [ucrtbase.dll+0x210b2]
C  [KERNEL32.DLL+0x17c24]
C  [ntdll.dll+0x6d4d1]


---------------  P R O C E S S  ---------------

Threads class SMR info:
_java_thread_list=0x00000199957e8a00, length=0, elements={
}

Java Threads: ( => current thread )

Other Threads:
  0x00000199979fc000 GCTaskThread "GC Thread#0" [stack: 0x00000046f1c00000,0x00000046f1d00000] [id=15840]
  0x0000019997a5e000 ConcurrentGCThread "G1 Main Marker" [stack: 0x00000046f1d00000,0x00000046f1e00000] [id=34180]
  0x0000019997a5f800 ConcurrentGCThread "G1 Conc#0" [stack: 0x00000046f1e00000,0x00000046f1f00000] [id=10000]

[error occurred during error reporting (printing all threads), id 0xc0000005, EXCEPTION_ACCESS_VIOLATION (0xc0000005) at pc=0x00007ffca0869807]

VM state:not at safepoint (not fully initialized)

VM Mutex/Monitor currently owned by a thread:  ([mutex/lock_event])
[0x00000199979e18b0] Heap_lock - owner thread: 0x00000199979e3800

Heap address: 0x0000000700e00000, size: 4082 MB, Compressed Oops mode: Non-zero based: 0x0000000700e00000
Narrow klass base: 0x0000000000000000, Narrow klass shift: 0

GC Heap History (0 events):
No events

Deoptimization events (0 events):
No events

Classes redefined (0 events):
No events

Internal exceptions (0 events):
No events

Events (1 events):
Event: 0.031 Loaded shared library J:\Program Files (x86)\JetBrains\apps\PyCharm-P\ch-0\203.6682.86\jbr\bin\zip.dll


Dynamic libraries:
0x00007ff669180000 - 0x00007ff66918a000 	J:\Program Files (x86)\JetBrains\apps\PyCharm-P\ch-0\203.6682.86\jbr\bin\java.exe
0x00007ffcd1420000 - 0x00007ffcd1610000 	C:\WINDOWS\SYSTEM32\ntdll.dll
0x00007ffccf880000 - 0x00007ffccf932000 	C:\WINDOWS\System32\KERNEL32.DLL
0x00007ffcce8a0000 - 0x00007ffcceb45000 	C:\WINDOWS\System32\KERNELBASE.dll
0x00007ffcce4a0000 - 0x00007ffcce59a000 	C:\WINDOWS\System32\ucrtbase.dll
0x00007ffcbcb20000 - 0x00007ffcbcb39000 	J:\Program Files (x86)\JetBrains\apps\PyCharm-P\ch-0\203.6682.86\jbr\bin\jli.dll
0x00007ffcbc670000 - 0x00007ffcbc687000 	J:\Program Files (x86)\JetBrains\apps\PyCharm-P\ch-0\203.6682.86\jbr\bin\VCRUNTIME140.dll
0x00007ffcd0b80000 - 0x00007ffcd0d14000 	C:\WINDOWS\System32\USER32.dll
0x00007ffcce450000 - 0x00007ffcce471000 	C:\WINDOWS\System32\win32u.dll
0x00007ffcd0d80000 - 0x00007ffcd0da6000 	C:\WINDOWS\System32\GDI32.dll
0x00007ffcce600000 - 0x00007ffcce796000 	C:\WINDOWS\System32\gdi32full.dll
0x00007ffcceb50000 - 0x00007ffccebee000 	C:\WINDOWS\System32\msvcp_win.dll
0x00007ffcbc3e0000 - 0x00007ffcbc664000 	C:\WINDOWS\WinSxS\amd64_microsoft.windows.common-controls_6595b64144ccf1df_6.0.18362.1256_none_9e7e379be45e40e2\COMCTL32.dll
0x00007ffcd0dd0000 - 0x00007ffcd0e6e000 	C:\WINDOWS\System32\msvcrt.dll
0x00007ffcd10a0000 - 0x00007ffcd13d6000 	C:\WINDOWS\System32\combase.dll
0x00007ffccf640000 - 0x00007ffccf760000 	C:\WINDOWS\System32\RPCRT4.dll
0x00007ffcce390000 - 0x00007ffcce411000 	C:\WINDOWS\System32\bcryptPrimitives.dll
0x00007ffccf940000 - 0x00007ffccf96e000 	C:\WINDOWS\System32\IMM32.DLL
0x00007ffca5690000 - 0x00007ffca572d000 	J:\Program Files (x86)\JetBrains\apps\PyCharm-P\ch-0\203.6682.86\jbr\bin\msvcp140.dll
0x00007ffca0580000 - 0x00007ffca104e000 	J:\Program Files (x86)\JetBrains\apps\PyCharm-P\ch-0\203.6682.86\jbr\bin\server\jvm.dll
0x00007ffccf760000 - 0x00007ffccf803000 	C:\WINDOWS\System32\ADVAPI32.dll
0x00007ffcd0a00000 - 0x00007ffcd0a97000 	C:\WINDOWS\System32\sechost.dll
0x00007ffcd0550000 - 0x00007ffcd0558000 	C:\WINDOWS\System32\PSAPI.DLL
0x00007ffccac80000 - 0x00007ffccaca4000 	C:\WINDOWS\SYSTEM32\WINMM.dll
0x00007ffcc8cf0000 - 0x00007ffcc8cfa000 	C:\WINDOWS\SYSTEM32\VERSION.dll
0x00007ffccac50000 - 0x00007ffccac7d000 	C:\WINDOWS\SYSTEM32\WINMMBASE.dll
0x00007ffcce850000 - 0x00007ffcce89a000 	C:\WINDOWS\System32\cfgmgr32.dll
0x00007ffcc2470000 - 0x00007ffcc2479000 	C:\WINDOWS\SYSTEM32\WSOCK32.dll
0x00007ffccf810000 - 0x00007ffccf87f000 	C:\WINDOWS\System32\ws2_32.DLL
0x00007ffcce2f0000 - 0x00007ffcce301000 	C:\WINDOWS\System32\kernel.appcore.dll
0x00007ffccaf60000 - 0x00007ffccaf71000 	J:\Program Files (x86)\JetBrains\apps\PyCharm-P\ch-0\203.6682.86\jbr\bin\verify.dll
0x00007ffcbf530000 - 0x00007ffcbf724000 	C:\WINDOWS\SYSTEM32\DBGHELP.DLL
0x00007ffcbf180000 - 0x00007ffcbf1aa000 	C:\WINDOWS\SYSTEM32\dbgcore.DLL
0x00007ffccaf30000 - 0x00007ffccaf59000 	J:\Program Files (x86)\JetBrains\apps\PyCharm-P\ch-0\203.6682.86\jbr\bin\java.dll
0x00007ffccaff0000 - 0x00007ffccaffb000 	J:\Program Files (x86)\JetBrains\apps\PyCharm-P\ch-0\203.6682.86\jbr\bin\jimage.dll
0x00007ffcc7000000 - 0x00007ffcc7018000 	J:\Program Files (x86)\JetBrains\apps\PyCharm-P\ch-0\203.6682.86\jbr\bin\zip.dll

dbghelp: loaded successfully - version: 4.0.5 - missing functions: none
symbol engine: initialized successfully - sym options: 0x614 - pdb path: .;J:\Program Files (x86)\JetBrains\apps\PyCharm-P\ch-0\203.6682.86\jbr\bin;C:\WINDOWS\SYSTEM32;C:\WINDOWS\WinSxS\amd64_microsoft.windows.common-controls_6595b64144ccf1df_6.0.18362.1256_none_9e7e379be45e40e2;J:\Program Files (x86)\JetBrains\apps\PyCharm-P\ch-0\203.6682.86\jbr\bin\server

VM Arguments:
java_command: org.jetbrains.git4idea.http.GitAskPassApp Username for 'https://github.com': 
java_class_path (initial): J:/Program Files (x86)/JetBrains/apps/PyCharm-P/ch-0/203.6682.86/plugins/git4idea/lib/git4idea-rt.jar;J:/Program Files (x86)/JetBrains/apps/PyCharm-P/ch-0/203.6682.86/lib/xmlrpc-2.0.1.jar;J:/Program Files (x86)/JetBrains/apps/PyCharm-P/ch-0/203.6682.86/lib/commons-codec-1.14.jar
Launcher Type: SUN_STANDARD

[Global flags]
     intx CICompilerCount                          = 4                                         {product} {ergonomic}
     uint ConcGCThreads                            = 2                                         {product} {ergonomic}
     uint G1ConcRefinementThreads                  = 8                                         {product} {ergonomic}
   size_t G1HeapRegionSize                         = 1048576                                   {product} {ergonomic}
    uintx GCDrainStackTargetSize                   = 64                                        {product} {ergonomic}
   size_t InitialHeapSize                          = 268435456                                 {product} {ergonomic}
   size_t MarkStackSize                            = 4194304                                   {product} {ergonomic}
   size_t MaxHeapSize                              = 4280287232                                {product} {ergonomic}
   size_t MinHeapDeltaBytes                        = 1048576                                   {product} {ergonomic}
    uintx NonNMethodCodeHeapSize                   = 5836300                                {pd product} {ergonomic}
    uintx NonProfiledCodeHeapSize                  = 122910970                              {pd product} {ergonomic}
    uintx ProfiledCodeHeapSize                     = 122910970                              {pd product} {ergonomic}
    uintx ReservedCodeCacheSize                    = 251658240                              {pd product} {ergonomic}
     bool SegmentedCodeCache                       = true                                      {product} {ergonomic}
     bool UseCompressedClassPointers               = true                                 {lp64_product} {ergonomic}
     bool UseCompressedOops                        = true                                 {lp64_product} {ergonomic}
     bool UseG1GC                                  = true                                      {product} {ergonomic}
     bool UseLargePagesIndividualAllocation        = false                                  {pd product} {ergonomic}

Logging:
Log output configuration:
 #0: stdout all=warning uptime,level,tags
 #1: stderr all=off uptime,level,tags

Environment Variables:
JAVA_HOME=J:\Program Files (x86)\jdk-14.0.1
PATH=C:/Program Files/Git/mingw64/libexec/git-core;C:/Program Files/Git/mingw64/libexec/git-core;C:\Program Files\Git\mingw64\bin;C:\Program Files\Git\usr\bin;C:\Users\Lee\bin;C:\Program Files\NVIDIA GPU Computing Toolkit\CUDA\v11.1\bin;C:\Program Files\NVIDIA GPU Computing Toolkit\CUDA\v11.1\libnvvp;D:\Program Files (x86)\NetSarang\Xshell 6\;C:\Program Files (x86)\Common Files\Intel\Shared Libraries\redist\intel64_win\compiler;d:\ProgramData\Anaconda3\Library\mingw-w64\bin;d:\ProgramData\Anaconda3\Library\usr\bin;d:\ProgramData\Anaconda3\Library\bin;d:\ProgramData\Anaconda3\Scripts;C:\WINDOWS\system32;C:\WINDOWS;C:\WINDOWS\System32\Wbem;C:\WINDOWS\System32\WindowsPowerShell\v1.0\;C:\Program Files\dotnet\;C:\Program Files (x86)\GtkSharp\2.12\bin;C:\Program Files\Microsoft SQL Server\130\Tools\Binn\;C:\windows\system32;C:\windows;C:\windows\System32\Wbem;C:\WINDOWS\System32\OpenSSH\;C:\Program Files (x86)\NVIDIA Corporation\PhysX\Common;C:\Program Files\NVIDIA Corporation\NVIDIA NvDLISR;J:\Program Files (x86)\jdk-14.0.1\bin;J:\Program Files (x86)\jdk-14.0.1\bin;J:\Program Files (x86)\jdk-14.0.1\jre\bin;C:\Program Files\Microsoft SQL Server\Client SDK\ODBC\170\Tools\Binn\;D:\ProgramData\Microsoft\Azure Functions Core Tools\;C:\Program Files\Git\cmd;C:\Program Files\NVIDIA Corporation\Nsight Compute 2020.2.0\;C:\Program Files\MySQL\MySQL Shell 8.0\bin\;C:\Users\Lee\AppData\Local\Microsoft\WindowsApps;J:\Program Files (x86)\Microsoft VS Code\bin;J:\Program Files (x86)\GitHubDesktop\bin;D:\ProgramData\protobuf-3.13.0\install\x64\debug\bin;C:\Users\Lee\.dotnet\tools
USERNAME=Lee
DISPLAY=:0.0
LC_ALL=en_US.UTF-8
OS=Windows_NT
PROCESSOR_IDENTIFIER=Intel64 Family 6 Model 158 Stepping 9, GenuineIntel



---------------  S Y S T E M  ---------------

OS: Windows 10 , 64 bit Build 18362 (10.0.18362.1110)
OS uptime: 8 days 8:29 hours

CPU:total 8 (initial active 8) (4 cores per cpu, 2 threads per core) family 6 model 158 stepping 9, cmov, cx8, fxsr, mmx, sse, sse2, sse3, ssse3, sse4.1, sse4.2, popcnt, avx, avx2, aes, clmul, erms, rtm, 3dnowpref, lzcnt, ht, tsc, tscinvbit, bmi1, bmi2, adx, fma

Memory: 4k page, system-wide physical 16321M (606M free)
TotalPageFile size 29863M (AvailPageFile size 195M)
current process WorkingSet (physical memory assigned to process): 10M, peak: 10M
current process commit charge ("private bytes"): 60M, peak: 316M

vm_info: OpenJDK 64-Bit Server VM (11.0.9.1+11-b1145.37) for windows-amd64 JRE (11.0.9.1+11-b1145.37), built on Dec 16 2020 17:09:15 by "" with MS VC++ 14.0 (VS2015)

END.
